<?xml version="1.0" encoding="UTF-8"?>
<!-- Generated by org.testng.reporters.JUnitXMLReporter -->
<testsuite ignored="2" hostname="DESKTOP-UGDET12" failures="0" tests="3" name="Test" time="10.15" errors="0" timestamp="2024-03-06T19:09:14 IST">
  <testcase classname="testcases.LoginPage2" name="LoginPage" time="3.379"/>
  <testcase classname="testcases.HomePage" name="AddToCart" time="3.291"/>
  <testcase classname="testcases.HomePage" name="InformationPage" time="3.439"/>
  <testcase classname="Base.BaseClass" name="@BeforeSuite setup" time="0.0">
    <ignored/>
  </testcase> <!-- @BeforeSuite setup -->
  <testcase classname="Base.BaseClass" name="@AfterSuite terminate" time="0.0">
    <ignored/>
  </testcase> <!-- @AfterSuite terminate -->
</testsuite> <!-- Test -->
