<?xml version="1.0" encoding="UTF-8"?>
<!-- Generated by org.testng.reporters.JUnitReportReporter -->
<testsuite hostname="DESKTOP-UGDET12" failures="1" tests="6" name="TestRunner.CucumberTestRunner" time="17.553" errors="0" timestamp="2024-03-17T22:59:45 IST" skipped="0">
  <testcase classname="TestRunner.CucumberTestRunner" name="runScenario" time="3.081"/>
  <testcase classname="TestRunner.CucumberTestRunner" name="runScenario" time="1.759">
    <failure message="User is now landed in homePage expected [true] but found [false]" type="java.lang.AssertionError">
      <![CDATA[java.lang.AssertionError: User is now landed in homePage expected [true] but found [false]
at org.testng.Assert.fail(Assert.java:111)
at org.testng.Assert.failNotEquals(Assert.java:1578)
at org.testng.Assert.assertTrue(Assert.java:57)
at PageObject.LoginPageCC.HomepageValidation(LoginPageCC.java:32)
at StepDefination.logincc.user_is_navigate_to_home_page(logincc.java:56)
at ✽.user is navigate to HomePage(file:///C:/Users/Dinesh%20Saivolla/git/cucumber/CucumberFrameWork/src/test/resources/features/Login.feature:7)
]]>
    </failure>
  </testcase> <!-- runScenario -->
  <testcase classname="TestRunner.CucumberTestRunner" name="runScenario" time="1.899"/>
  <testcase classname="TestRunner.CucumberTestRunner" name="runScenario" time="1.901"/>
  <testcase classname="TestRunner.CucumberTestRunner" name="runScenario" time="6.883"/>
  <testcase classname="TestRunner.CucumberTestRunner" name="runScenario" time="2.030"/>
</testsuite> <!-- TestRunner.CucumberTestRunner -->
